"../../../Engine/Content/ArtTools/RenderToTexture/Enums/RenderToTexture_Enum.uasset" 0
"../../../Engine/Content/ArtTools/RenderToTexture/Enums/RenderToTexture_Flipbook_Enum.uasset" 1
"../../../Engine/Content/ArtTools/RenderToTexture/Enums/RenderToTexture_Imposter_Enum.uasset" 2
"../../../Engine/Content/EditorBlueprintResources/StandardMacros.uasset" 3
"../../../Engine/Content/ArtTools/RenderToTexture/Enums/EIntTypes.uasset" 4
"../../../Engine/Content/ArtTools/RenderToTexture/Macros/RenderToTextureFunctionLibrary.uasset" 5
"../../../Engine/Content/ArtTools/RenderToTexture/Enums/EFloatTypes.uasset" 6
"../../../Engine/Content/ArtTools/RenderToTexture/Macros/RenderToTextureMacros.uasset" 7
"../../../Engine/Content/Functions/Engine_MaterialFunctions01/Opacity/CameraDepthFade.uasset" 8
"../../../Engine/Content/EngineMaterials/T_Default_Material_Grid_M.uasset" 9
"../../../Engine/Content/EngineMaterials/T_Default_Material_Grid_N.uasset" 10
"../../../Engine/Content/EngineMaterials/WorldGridMaterial.uasset" 11
"../../../Engine/Content/ArtTools/RenderToTexture/Meshes/S_1_Unit_Plane.uasset" 12
"../../../Engine/Content/EngineMaterials/DefaultPhysicalMaterial.uasset" 13
"../../../Engine/Content/BufferVisualization/AmbientOcclusion.uasset" 14
"../../../Engine/Content/BufferVisualization/BaseColor.uasset" 15
"../../../Engine/Content/BufferVisualization/CustomDepth.uasset" 16
"../../../Engine/Content/Functions/Engine_MaterialFunctions02/Utility/VectorLength.uasset" 17
"../../../Engine/Content/BufferVisualization/CustomDepthWorldUnits.uasset" 18
"../../../Engine/Content/Functions/Engine_MaterialFunctions02/Utility/BreakOutFloat2Components.uasset" 19
"../../../Engine/Content/Functions/Engine_MaterialFunctions01/Texturing/ScaleUVsByCenter.uasset" 20
"../../../Engine/Content/Functions/Engine_MaterialFunctions02/ScreenResolution.uasset" 21
"../../../Engine/Content/Functions/Engine_MaterialFunctions02/Texturing/ScreenAlignedUVs.uasset" 22
"../../../Engine/Content/Functions/Engine_MaterialFunctions02/Utility/MakeFloat2.uasset" 23
"../../../Engine/Content/Functions/Engine_MaterialFunctions02/Utility/MakeFloat3.uasset" 24
"../../../Engine/Content/EngineMaterials/MiniFont.uasset" 25
"../../../Engine/Content/BufferVisualization/CustomStencil.uasset" 26
"../../../Engine/Content/BufferVisualization/FinalImage.uasset" 27
"../../../Engine/Content/BufferVisualization/LightingModel.uasset" 28
"../../../Engine/Content/BufferVisualization/MaterialAO.uasset" 29
"../../../Engine/Content/BufferVisualization/Metallic.uasset" 30
"../../../Engine/Content/BufferVisualization/Opacity.uasset" 31
"../../../Engine/Content/BufferVisualization/PostTonemapHDRColor.uasset" 32
"../../../Engine/Content/BufferVisualization/PreTonemapHDRColor.uasset" 33
"../../../Engine/Content/BufferVisualization/Roughness.uasset" 34
"../../../Engine/Content/BufferVisualization/SceneColor.uasset" 35
"../../../Engine/Content/BufferVisualization/SceneDepth.uasset" 36
"../../../Engine/Content/BufferVisualization/SceneDepthWorldUnits.uasset" 37
"../../../Engine/Content/BufferVisualization/SeparateTranslucencyA.uasset" 38
"../../../Engine/Content/BufferVisualization/SeparateTranslucencyRGB.uasset" 39
"../../../Engine/Content/BufferVisualization/Specular.uasset" 40
"../../../Engine/Content/BufferVisualization/SubsurfaceColor.uasset" 41
"../../../Engine/Content/BufferVisualization/WorldNormal.uasset" 42
"../../../Engine/Content/EditorBlueprintResources/ActorMacros.uasset" 43
"../../../Engine/Content/EditorLandscapeResources/DataLayer.uasset" 44
"../../../Engine/Content/EditorLandscapeResources/DefaultAlphaTexture.uasset" 45
"../../../Engine/Content/EditorLandscapeResources/LandscapeGizmoHeight_Mat.uasset" 46
"../../../Engine/Content/EditorLandscapeResources/LandscapeGizmo_Mat.uasset" 47
"../../../Engine/Content/EditorLandscapeResources/LandscapeGizmo_Mat_Copied.uasset" 48
"../../../Engine/Content/EditorLandscapeResources/SplineEditorMeshMat.uasset" 49
"../../../Engine/Content/EditorLandscapeResources/SplineEditorMesh.uasset" 50
"../../../Engine/Content/EditorMaterials/Cross.uasset" 51
"../../../Engine/Content/EditorMaterials/Cross_Mat.uasset" 52
"../../../Engine/Content/EditorMaterials/GizmoMaterial.uasset" 53
"../../../Engine/Content/Functions/Engine_MaterialFunctions02/Utility/Sign.uasset" 54
"../../../Engine/Content/Functions/Engine_MaterialFunctions02/Utility/Round.uasset" 55
"../../../Engine/Content/Functions/Engine_MaterialFunctions02/ExampleContent/Textures/flipbook.uasset" 56
"../../../Engine/Content/Functions/Engine_MaterialFunctions02/Texturing/FlipBook.uasset" 57
"../../../Engine/Content/EditorResources/T_EditorHelp.uasset" 58
"../../../Engine/Content/EditorMaterials/HelpActorMaterial.uasset" 59
"../../../Engine/Content/EditorMaterials/CompositeARGBLayer.uasset" 60
"../../../Engine/Content/EditorMaterials/TilingAALineIntegral.uasset" 61
"../../../Engine/Content/EditorMaterials/TilingAALineBoxFiltered.uasset" 62
"../../../Engine/Content/Functions/Engine_MaterialFunctions03/Procedurals/ComputeFilterWidth.uasset" 63
"../../../Engine/Content/EditorMaterials/TilingAADots.uasset" 64
"../../../Engine/Content/EditorMaterials/Cascade/CASC_Cross.uasset" 65
"../../../Engine/Content/EditorMaterials/Cascade/CASC_None.uasset" 66
"../../../Engine/Content/Functions/Engine_MaterialFunctions03/Blends/Blend_Screen.uasset" 67
"../../../Engine/Content/EditorMaterials/TilingAAGrid.uasset" 68
"../../../Engine/Content/EditorMaterials/LevelGridMaterial.uasset" 69
"../../../Engine/Content/EditorMaterials/MakeCompositeARGBLayer.uasset" 70
"../../../Engine/Content/EditorResources/LevelGrid1DStripes.uasset" 71
"../../../Engine/Content/EditorMaterials/TextureGridCascaded1D.uasset" 72
"../../../Engine/Content/EditorMaterials/TextureGridCascaded2D.uasset" 73
"../../../Engine/Content/EditorMaterials/LevelGridMaterial2.uasset" 74
"../../../Engine/Content/EditorMaterials/MAT_Groups_Toggle.uasset" 75
"../../../Engine/Content/EditorMaterials/MAT_Groups_Visibility.uasset" 76
"../../../Engine/Content/EditorMaterials/PhAT_BoneSelectedMaterial.uasset" 77
"../../../Engine/Content/EditorMaterials/PhAT_ElemSelectedMaterial.uasset" 78
"../../../Engine/Content/EditorMaterials/PhAT_NoCollisionMaterial.uasset" 79
"../../../Engine/Content/EditorMaterials/PhAT_UnselectedMaterial.uasset" 80
"../../../Engine/Content/EditorMaterials/PreviewShadowIndicator.uasset" 81
"../../../Engine/Content/EditorMaterials/PreviewShadowIndicatorMaterial.uasset" 82
"../../../Engine/Content/EditorMaterials/TargetIcon.uasset" 83
"../../../Engine/Content/EditorMaterials/Tick.uasset" 84
"../../../Engine/Content/EditorMaterials/Tick_Mat.uasset" 85
"../../../Engine/Content/EditorMaterials/WidgetGridVertexColorMaterial.uasset" 86
"../../../Engine/Content/EditorMaterials/WidgetGridVertexColorMaterial_Ma.uasset" 87
"../../../Engine/Content/EditorMaterials/WidgetMaterial.uasset" 88
"../../../Engine/Content/EditorMaterials/WidgetMaterial_Current.uasset" 89
"../../../Engine/Content/EditorMaterials/WidgetMaterial_X.uasset" 90
"../../../Engine/Content/EditorMaterials/WidgetMaterial_Y.uasset" 91
"../../../Engine/Content/EditorMaterials/WidgetMaterial_Z.uasset" 92
"../../../Engine/Content/EditorMaterials/WidgetVertexColorMaterial.uasset" 93
"../../../Engine/Content/EditorMaterials/AssetViewer/EpicQuadPanorama_CC+EV1.uasset" 94
"../../../Engine/Content/MapTemplates/Sky/SunsetAmbientCubemap.uasset" 95
"../../../Engine/Content/EditorMaterials/AssetViewer/M_SkyBox.uasset" 96
"../../../Engine/Content/EditorMaterials/MatineeGroups/MAT_ColorTrack.uasset" 97
"../../../Engine/Content/EditorMaterials/MatineeGroups/MAT_Groups_Anim.uasset" 98
"../../../Engine/Content/EditorMaterials/MatineeGroups/MAT_Groups_AudioMaster.uasset" 99
"../../../Engine/Content/EditorMaterials/MatineeGroups/MAT_Groups_Director.uasset" 100
"../../../Engine/Content/EditorMaterials/MatineeGroups/MAT_Groups_Event.uasset" 101
"../../../Engine/Content/EditorMaterials/MatineeGroups/MAT_Groups_Fade.uasset" 102
"../../../Engine/Content/EditorMaterials/MatineeGroups/MAT_Groups_Float.uasset" 103
"../../../Engine/Content/EditorMaterials/MatineeGroups/MAT_Groups_Move.uasset" 104
"../../../Engine/Content/EditorMaterials/MatineeGroups/MAT_Groups_Slomo.uasset" 105
"../../../Engine/Content/EditorMaterials/MatineeGroups/MAT_Groups_Sound.uasset" 106
"../../../Engine/Content/EditorMaterials/MatineeGroups/MAT_Groups_Vector.uasset" 107
"../../../Engine/Content/EditorMaterials/ParticleSystems/PSysThumbnail_NoImage.uasset" 108
"../../../Engine/Content/EditorMaterials/ParticleSystems/PSysThumbnail_OOD.uasset" 109
"../../../Engine/Content/EngineMaterials/Grid.uasset" 110
"../../../Engine/Content/EditorMaterials/Thumbnails/FloorPlaneMaterial.uasset" 111
"../../../Engine/Content/EditorMeshes/EditorCylinder.uasset" 112
"../../../Engine/Content/EditorMeshes/EditorPlane.uasset" 113
"../../../Engine/Content/EditorMaterials/Thumbnails/SkySphereMaterial.uasset" 114
"../../../Engine/Content/EditorMeshes/EditorSkySphere.uasset" 115
"../../../Engine/Content/EditorMeshes/EditorSphere.uasset" 116
"../../../Engine/Content/EditorResources/MatineeCam_D.uasset" 117
"../../../Engine/Content/EditorMaterials/MatineeCam_mat.uasset" 118
"../../../Engine/Content/EditorMeshes/MatineeCam_SM.uasset" 119
"../../../Engine/Content/Functions/Engine_MaterialFunctions01/Shading/ConvertFromDiffSpec.uasset" 120
"../../../Engine/Content/EditorMaterials/GridMaterial.uasset" 121
"../../../Engine/Content/EditorMeshes/AssetViewer/Floor_Mesh.uasset" 122
"../../../Engine/Content/EditorMeshes/AssetViewer/Sphere_inversenormals.uasset" 123
"../../../Engine/Content/EditorMaterials/Camera/CineMat.uasset" 124
"../../../Engine/Content/EditorMaterials/Camera/MI_CineMat_CameraBody.uasset" 125
"../../../Engine/Content/EngineDebugMaterials/M_SimpleOpaque.uasset" 126
"../../../Engine/Content/EditorMaterials/Camera/MI_CineMat_CamViewFinder.uasset" 127
"../../../Engine/Content/EditorMeshes/Camera/SM_CineCam.uasset" 128
"../../../Engine/Content/EditorMaterials/Camera/MI_CineMat_Rig.uasset" 129
"../../../Engine/Content/EditorMeshes/Camera/SM_CraneRig_Arm.uasset" 130
"../../../Engine/Content/EditorMeshes/Camera/SM_CraneRig_Base.uasset" 131
"../../../Engine/Content/EditorMeshes/Camera/SM_CraneRig_Body.uasset" 132
"../../../Engine/Content/EditorMeshes/Camera/SM_CraneRig_Mount.uasset" 133
"../../../Engine/Content/EditorMeshes/Camera/SM_RailRig_Mount.uasset" 134
"../../../Engine/Content/EditorMeshes/Camera/SM_RailRig_Track.uasset" 135
"../../../Engine/Content/EditorMeshes/ColorCalibrator/M_ChromeBall.uasset" 136
"../../../Engine/Content/EditorMeshes/ColorCalibrator/M_ClearCoat.uasset" 137
"../../../Engine/Content/EditorMeshes/ColorCalibrator/M_ClearCoatBlack.uasset" 138
"../../../Engine/Content/EditorMeshes/ColorCalibrator/T_ColorGrid.uasset" 139
"../../../Engine/Content/EditorMeshes/ColorCalibrator/M_ColorGrid.uasset" 140
"../../../Engine/Content/EditorMeshes/ColorCalibrator/M_GreyBall.uasset" 141
"../../../Engine/Content/EditorMeshes/ColorCalibrator/SM_ColorCalibrator.uasset" 142
"../../../Engine/Content/EditorResources/Bad.uasset" 143
"../../../Engine/Content/EditorResources/BSPVertex.uasset" 144
"../../../Engine/Content/EditorResources/EmptyActor.uasset" 145
"../../../Engine/Content/EditorResources/MatInstActSprite.uasset" 146
"../../../Engine/Content/EditorResources/RGBTable16x1_AssetViewer.uasset" 147
"../../../Engine/Content/EditorResources/SceneManager.uasset" 148
"../../../Engine/Content/EditorResources/SimplygonLogo.uasset" 149
"../../../Engine/Content/EditorResources/SmallFont.uasset" 150
"../../../Engine/Content/EditorResources/S_Actor.uasset" 151
"../../../Engine/Content/EditorResources/S_DecalActorIcon.uasset" 152
"../../../Engine/Content/EditorResources/S_Emitter.uasset" 153
"../../../Engine/Content/EditorResources/S_ExpoHeightFog.uasset" 154
"../../../Engine/Content/EditorResources/S_FTest.uasset" 155
"../../../Engine/Content/EditorResources/S_KBSJoint.uasset" 156
"../../../Engine/Content/EditorResources/S_KHinge.uasset" 157
"../../../Engine/Content/EditorResources/S_KPrismatic.uasset" 158
"../../../Engine/Content/EditorResources/S_LevelSequence.uasset" 159
"../../../Engine/Content/EditorResources/S_NavP.uasset" 160
"../../../Engine/Content/EditorResources/S_Note.uasset" 161
"../../../Engine/Content/EditorResources/S_Player.uasset" 162
"../../../Engine/Content/EditorResources/S_PortalActorIcon2.uasset" 163
"../../../Engine/Content/EditorResources/S_RadForce.uasset" 164
"../../../Engine/Content/EditorResources/S_ReflActorIcon.uasset" 165
"../../../Engine/Content/EditorResources/S_Terrain.uasset" 166
"../../../Engine/Content/EditorResources/S_TextRenderActorIcon.uasset" 167
"../../../Engine/Content/EditorResources/S_Thruster.uasset" 168
"../../../Engine/Content/EditorResources/S_Trigger.uasset" 169
"../../../Engine/Content/EditorResources/S_VectorFieldVol.uasset" 170
"../../../Engine/Content/EditorResources/S_WindDirectional.uasset" 171
"../../../Engine/Content/EditorResources/AI/S_NavLink.uasset" 172
"../../../Engine/Content/EditorResources/LightIcons/SkyLight.uasset" 173
"../../../Engine/Content/EditorResources/LightIcons/S_LightDirectional.uasset" 174
"../../../Engine/Content/EditorResources/LightIcons/S_LightDirectionalMove.uasset" 175
"../../../Engine/Content/EditorResources/LightIcons/S_LightError.uasset" 176
"../../../Engine/Content/EditorResources/LightIcons/S_LightPoint.uasset" 177
"../../../Engine/Content/EditorResources/LightIcons/S_LightPointMove.uasset" 178
"../../../Engine/Content/EditorResources/LightIcons/S_LightSpot.uasset" 179
"../../../Engine/Content/EditorResources/LightIcons/S_LightSpotMove.uasset" 180
"../../../Engine/Content/EditorResources/SequenceRecorder/Countdown.uasset" 181
"../../../Engine/Content/EditorResources/SequenceRecorder/RecordingIndicator.uasset" 182
"../../../Engine/Content/EditorResources/Spline/T_Loft_Spline.uasset" 183
"../../../Engine/Content/EditorSounds/GamePreview/EndPlayInEditor.uasset" 184
"../../../Engine/Content/EditorSounds/GamePreview/EndPlayInEditor_Cue.uasset" 185
"../../../Engine/Content/EditorSounds/GamePreview/EndSimulate.uasset" 186
"../../../Engine/Content/EditorSounds/GamePreview/EndSimulate_Cue.uasset" 187
"../../../Engine/Content/EditorSounds/GamePreview/PossessPlayer.uasset" 188
"../../../Engine/Content/EditorSounds/GamePreview/PossessPlayer_Cue.uasset" 189
"../../../Engine/Content/EditorSounds/GamePreview/StartPlayInEditor.uasset" 190
"../../../Engine/Content/EditorSounds/GamePreview/StartPlayInEditor_Cue.uasset" 191
"../../../Engine/Content/EditorSounds/Notifications/CompileFailed.uasset" 192
"../../../Engine/Content/EditorSounds/Notifications/CompileFailed_Cue.uasset" 193
"../../../Engine/Content/EditorSounds/Notifications/CompileSuccess.uasset" 194
"../../../Engine/Content/EditorSounds/Notifications/CompileStart_Cue.uasset" 195
"../../../Engine/Content/EditorSounds/Notifications/CompileSuccess_Cue.uasset" 196
"../../../Engine/Content/EngineDamageTypes/DmgTypeBP_Environmental.uasset" 197
"../../../Engine/Content/EngineDebugMaterials/HeatmapGradient.uasset" 198
"../../../Engine/Content/EngineDebugMaterials/BoneWeightMaterial.uasset" 199
"../../../Engine/Content/EngineDebugMaterials/DebugMeshMaterial.uasset" 200
"../../../Engine/Content/EngineDebugMaterials/GeomMaterial.uasset" 201
"../../../Engine/Content/EngineDebugMaterials/LevelColorationLitMaterial.uasset" 202
"../../../Engine/Content/EngineDebugMaterials/LevelColorationUnlitMaterial.uasset" 203
"../../../Engine/Content/EngineMaterials/DefaultWhiteGrid.uasset" 204
"../../../Engine/Content/EngineDebugMaterials/MAT_LevelColorationLitLightmapUV.uasset" 205
"../../../Engine/Content/EngineDebugMaterials/M_SimpleTranslucent.uasset" 206
"../../../Engine/Content/EngineDebugMaterials/ShadedLevelColorationLitMaterial.uasset" 207
"../../../Engine/Content/EngineDebugMaterials/ShadedLevelColorationUnlitMateri.uasset" 208
"../../../Engine/Content/EngineDebugMaterials/VertexColorMaterial.uasset" 209
"../../../Engine/Content/EngineDebugMaterials/VertexColorViewMode_AlphaAsColor.uasset" 210
"../../../Engine/Content/EngineDebugMaterials/VertexColorViewMode_BlueOnly.uasset" 211
"../../../Engine/Content/EngineDebugMaterials/VertexColorViewMode_ColorOnly.uasset" 212
"../../../Engine/Content/EngineDebugMaterials/VertexColorViewMode_GreenOnly.uasset" 213
"../../../Engine/Content/EngineDebugMaterials/VertexColorViewMode_RedOnly.uasset" 214
"../../../Engine/Content/EngineDebugMaterials/WireframeMaterial.uasset" 215
"../../../Engine/Content/EngineFonts/Roboto.uasset" 216
"../../../Engine/Content/EngineFonts/RobotoTiny.uasset" 217
"../../../Engine/Content/EngineFonts/SmallFont.uasset" 218
"../../../Engine/Content/EngineFonts/TinyFont.uasset" 219
"../../../Engine/Content/EngineResources/WhiteSquareTexture.uasset" 220
"../../../Engine/Content/EngineMaterials/BlinkingCaret.uasset" 221
"../../../Engine/Content/EngineMaterials/DefaultBokeh.uasset" 222
"../../../Engine/Content/EngineMaterials/DefaultDiffuse.uasset" 223
"../../../Engine/Content/EngineMaterials/DefaultDeferredDecalMaterial.uasset" 224
"../../../Engine/Content/EngineMaterials/DefaultLightFunctionMaterial.uasset" 225
"../../../Engine/Content/EngineMaterials/DefaultNormal.uasset" 226
"../../../Engine/Content/EngineMaterials/DefaultPostProcessMaterial.uasset" 227
"../../../Engine/Content/EngineFonts/RobotoDistanceField.uasset" 228
"../../../Engine/Content/EngineMaterials/DefaultTextMaterialOpaque.uasset" 229
"../../../Engine/Content/EngineMaterials/EditorBrushMaterial.uasset" 230
"../../../Engine/Content/EngineMaterials/Grid_N.uasset" 231
"../../../Engine/Content/EngineMaterials/HighResolutionScreenshotMaskFunction.uasset" 232
"../../../Engine/Content/EngineMaterials/HighResScreenshot.uasset" 233
"../../../Engine/Content/EngineMaterials/HighResScreenshotCaptureRegion.uasset" 234
"../../../Engine/Content/EngineMaterials/HighResScreenshotMask.uasset" 235
"../../../Engine/Content/EngineMaterials/LandscapeHolePhysicalMaterial.uasset" 236
"../../../Engine/Content/EngineMaterials/InvalidLightmapSettings.uasset" 237
"../../../Engine/Content/EngineMaterials/M_InvalidLightmapSettings.uasset" 238
"../../../Engine/Content/EngineMaterials/PaperDiffuse.uasset" 239
"../../../Engine/Content/EngineMaterials/PaperNormal.uasset" 240
"../../../Engine/Content/EngineMaterials/PhAT_JointLimitMaterial.uasset" 241
"../../../Engine/Content/EngineMaterials/PhysMat_Rubber.uasset" 242
"../../../Engine/Content/EngineMaterials/PreintegratedSkinBRDF.uasset" 243
"../../../Engine/Content/EngineMaterials/RemoveSurfaceMaterial.uasset" 244
"../../../Engine/Content/EngineMaterials/WeightMapPlaceholderTexture.uasset" 245
"../../../Engine/Content/EngineMaterials/Widget3DPassThrough.uasset" 246
"../../../Engine/Content/EngineMaterials/Widget3DPassThrough_Masked.uasset" 247
"../../../Engine/Content/EngineMaterials/Widget3DPassThrough_Opaque.uasset" 248
"../../../Engine/Content/EngineMaterials/Widget3DPassThrough_Masked_OneSided.uasset" 249
"../../../Engine/Content/EngineMaterials/Widget3DPassThrough_Opaque_OneSided.uasset" 250
"../../../Engine/Content/EngineMaterials/Widget3DPassThrough_Translucent.uasset" 251
"../../../Engine/Content/EngineMaterials/Widget3DPassThrough_Translucent_OneSided.uasset" 252
"../../../Engine/Content/EngineMaterials/DefaultMaterial.uasset" 253
"../../../Engine/Content/EngineMeshes/Cylinder.uasset" 254
"../../../Engine/Content/EngineMeshes/Sphere.uasset" 255
"../../../Engine/Content/EngineResources/AICON-Green.uasset" 256
"../../../Engine/Content/EngineResources/AICON-Red.uasset" 257
"../../../Engine/Content/EngineResources/Black.uasset" 258
"../../../Engine/Content/EngineResources/DefaultTexture.uasset" 259
"../../../Engine/Content/EngineResources/DefaultTextureCube.uasset" 260
"../../../Engine/Content/EngineResources/GradientTexture0.uasset" 261
"../../../Engine/Content/EngineResources/StreamingPauseIcon.uasset" 262
"../../../Engine/Content/EngineResources/M_StreamingPause.uasset" 263
"../../../Engine/Content/EngineSounds/Master.uasset" 264
"../../../Engine/Content/EngineSounds/MasterSubmix.uasset" 265
"../../../Engine/Content/EngineTireTypes/DefaultTireType.uasset" 266
"../../../Engine/Content/Functions/Engine_MaterialFunctions01/Shading/PowerToRoughness.uasset" 267
"../../../Engine/Content/Maps/Templates/Thumbnails/Default.uasset" 268
"../../../Engine/Content/Maps/Templates/Thumbnails/VR-Basic.uasset" 269
"../../../Engine/Content/MapTemplates/Sky/DaylightAmbientCubemap.uasset" 270
"../../../Engine/Content/MobileResources/T_MobileControls_texture.uasset" 271
"../../../Engine/Content/MobileResources/T_MobileMenu2.uasset" 272
"../../../Engine/Content/MobileResources/HUD/AnalogHat.uasset" 273
"../../../Engine/Content/MobileResources/HUD/VirtualJoystick_Background.uasset" 274
"../../../Engine/Content/MobileResources/HUD/VirtualJoystick_Thumb.uasset" 275
"../../../Engine/Content/MobileResources/HUD/DefaultVirtualJoysticks.uasset" 276
"../../../Engine/Content/MobileResources/HUD/LeftVirtualJoystickOnly.uasset" 277
"../../../Engine/Content/MobileResources/HUD/MobileHUDButton1_off.uasset" 278
"../../../Engine/Content/MobileResources/HUD/MobileHUDButton1_on.uasset" 279
"../../../Engine/Content/MobileResources/HUD/MobileHUDButton2_off.uasset" 280
"../../../Engine/Content/MobileResources/HUD/MobileHUDButton2_on.uasset" 281
"../../../Engine/Content/MobileResources/HUD/MobileHUDButton3.uasset" 282
"../../../Engine/Content/MobileResources/HUD/MobileHUDButtonFire.uasset" 283
"../../../Engine/Content/MobileResources/HUD/MobileHUDDirectionPad.uasset" 284
"../../../Engine/Content/MobileResources/HUD/MobileHUDDirectionPad2.uasset" 285
"../../../Engine/Content/MobileResources/HUD/MobileHUDDirectionPad3.uasset" 286
"../../../Engine/Content/MobileResources/HUD/MobileHUDDirectionStick.uasset" 287
"../../../Engine/Content/MobileResources/HUD/T_Castle_ThumbstickInner.uasset" 288
"../../../Engine/Content/MobileResources/HUD/T_Castle_ThumbstickOutter.uasset" 289
"../../../Engine/Content/Tutorial/ContentIntroCurve.uasset" 290
"../../../Engine/Content/Tutorial/Basics/LevelEditorAttract.uasset" 291
"../../../Engine/Content/Tutorial/Basics/TutorialAssets/icon_tab_Levels_40x.uasset" 292
"../../../Engine/Content/Tutorial/Basics/LevelEditorOverview.uasset" 293
"../../../Engine/Content/Tutorial/BlueprintTutorials/TutorialAssets/Blueprint_64x.uasset" 294
"../../../Engine/Content/Tutorial/BlueprintTutorials/BlueprintEditorTutorial.uasset" 295
"../../../Engine/Content/Tutorial/BlueprintTutorials/TutorialAssets/BlueprintInterface_64x.uasset" 296
"../../../Engine/Content/Tutorial/BlueprintTutorials/BlueprintInterfacesEditorOverview.uasset" 297
"../../../Engine/Content/Tutorial/BlueprintTutorials/TutorialAssets/BlueprintMacroLibrary_64x.uasset" 298
"../../../Engine/Content/Tutorial/BlueprintTutorials/BlueprintMacroLibrariesEditorOverview.uasset" 299
"../../../Engine/Content/Tutorial/BlueprintTutorials/LevelBlueprintEditorOverview.uasset" 300
"../../../Engine/Content/Tutorial/Foliage/TutorialAssets/Foliage.uasset" 301
"../../../Engine/Content/Tutorial/Foliage/Foliage_Intro_Tutorial.uasset" 302
"../../../Engine/Content/Tutorial/Paper2D/TutorialAssets/Paper2DFlipbook_TutorialIcon.uasset" 303
"../../../Engine/Content/Tutorial/Paper2D/FlipbookEditorTutorial.uasset" 304
"../../../Engine/Content/Tutorial/Paper2D/TutorialAssets/Paper2DSprite_TutorialIcon.uasset" 305
"../../../Engine/Content/Tutorial/Paper2D/SpriteEditorTutorial.uasset" 306
"../../../Engine/Content/Tutorial/SubEditors/DestructibleMeshEditorTutorial.uasset" 307
"../../../Engine/Content/Tutorial/SubEditors/MaterialEditorTutorial.uasset" 308
"../../../Engine/Content/Tutorial/SubEditors/ParticleSystemEditorTutorial.uasset" 309
"../../../Engine/Content/Tutorial/SubEditors/TutorialAssets/icon_ShowSkeletalMeshes_40x.uasset" 310
"../../../Engine/Content/Tutorial/SubEditors/PersonaAnimEditorWalkthrough.uasset" 311
"../../../Engine/Content/Tutorial/SubEditors/StaticMeshEditorTutorial.uasset" 312
"../../../Engine/Content/Tutorial/SubEditors/TutorialAssets/icon_Editor_Preferences_General_40x.uasset" 313
"../../../Engine/Content/VREditor/Devices/Generic/GenericHMDMaterial.uasset" 314
"../../../Engine/Content/VREditor/Devices/Generic/GenericHMD.uasset" 315
"../../../Engine/Content/VREditor/FloatingText/LineMaterial.uasset" 316
"../../../Engine/Content/VREditor/FloatingText/JointSphere.uasset" 317
"../../../Engine/Content/VREditor/FloatingText/LineSegmentCylinder.uasset" 318
"../../../Engine/Content/VREditor/Fonts/VRText_RobotoLarge.uasset" 319
"../../../Engine/Content/VREditor/Fonts/VRTextMaterial.uasset" 320
"../../../Engine/Content/VREditor/Fonts/TranslucentVRTextMaterial.uasset" 321
"../../../Engine/Content/VREditor/LaserPointer/VR_LaserPower_01.uasset" 322
"../../../Engine/Content/VREditor/LaserPointer/LaserPointerMaterial.uasset" 323
"../../../Engine/Content/VREditor/LaserPointer/LaserPointerMaterialInst.uasset" 324
"../../../Engine/Content/VREditor/LaserPointer/TranslucentLaserPointerMaterialInst.uasset" 325
"../../../Engine/Content/VREditor/LaserPointer/LaserPointerMesh.uasset" 326
"../../../Engine/Content/VREditor/Sounds/VR_grab_Cue.uasset" 327
"../../../Engine/Content/VREditor/Sounds/VR_teleport_Cue.uasset" 328
"../../../Engine/Content/VREditor/TransformGizmo/TransformGizmoMaterial.uasset" 329
"../../../Engine/Content/VREditor/TransformGizmo/TranslucentTransformGizmoMaterial.uasset" 330
"../../../Engine/Content/VREditor/TransformGizmo/BoundingBoxCorner.uasset" 331
"../../../Engine/Content/VREditor/TransformGizmo/BoundingBoxEdge.uasset" 332
"../../../Engine/Content/VREditor/TransformGizmo/PlaneTranslationHandle.uasset" 333
"../../../Engine/Content/VREditor/TransformGizmo/RotationHandle.uasset" 334
"../../../Engine/Content/VREditor/TransformGizmo/RotationHandleFull.uasset" 335
"../../../Engine/Content/VREditor/TransformGizmo/StretchingHandle.uasset" 336
"../../../Engine/Content/VREditor/TransformGizmo/TranslateHandleLong.uasset" 337
"../../../Engine/Content/VREditor/TransformGizmo/TranslationHandle.uasset" 338
"../../../Engine/Content/VREditor/TransformGizmo/UniformScaleHandle.uasset" 339
"../../../Engine/Content/VREditor/Tutorial/UMG/Specialized/AnimsForHands.uasset" 340
"../../../Engine/Content/VREditor/UI/CloseButtonMesh.uasset" 341
"../../../Engine/Content/VREditor/UI/SelectionBarMesh.uasset" 342
"../../../Engine/Content/Functions/Engine_MaterialFunctions01/Gradient/RadialGradient.uasset" 343
"../../../Engine/Content/VREditor/WorldMovementGrid/SimpleGrid.uasset" 344
"../../../Engine/Content/VREditor/WorldMovementGrid/GridMaterial.uasset" 345
"../../../Engine/Content/Functions/Engine_MaterialFunctions01/Density/ExponentialDensity.uasset" 346
"../../../Engine/Content/VREditor/WorldMovementGrid/GridPostProcess.uasset" 347
"../../../Engine/Content/EditorLandscapeResources/FlattenHeightMat.uasset" 348
"../../../Engine/Content/VREditor/WorldMovementGrid/PlaneMesh.uasset" 349
"../../../MovementSample/Content/Bow_Tut/Meshes/Sling/seeds/i_ctex52a_0.uasset" 350
"../../../MovementSample/Content/Bow_Tut/Meshes/Sling/seeds/material-0119E831.uasset" 351
"../../../MovementSample/Content/Bow_Tut/Meshes/Sling/seeds/seed_single_small.uasset" 352
"../../../MovementSample/Content/SimpleMedievalInteriors/Textures/SimpleFantasyTexture.uasset" 353
"../../../MovementSample/Content/SimpleMedievalInteriors/Materials/SimpleFantasyInteriors.uasset" 354
"../../../MovementSample/Content/SimpleMedievalInteriors/Meshes/Props/SM_Prop_CandleStand_01.uasset" 355
"../../../MovementSample/Content/SimpleMedievalInteriors/Meshes/Props/SM_Prop_Curtains_Knot_01.uasset" 356
"../../../MovementSample/Content/StarterContent/Audio/Fire01.uasset" 357
"../../../MovementSample/Content/StarterContent/Audio/Fire_Sparks01.uasset" 358
"../../../Engine/Plugins/2D/Paper2D/Content/DummySprite.uasset" 359
"../../../Engine/Plugins/2D/Paper2D/Content/DefaultPaperTerrainMaterial.uasset" 360
"../../../Engine/Plugins/2D/Paper2D/Content/DefaultSpriteMaterial.uasset" 361
"../../../Engine/Plugins/2D/Paper2D/Content/MaskedUnlitSpriteMaterial.uasset" 362
"../../../Engine/Plugins/2D/Paper2D/Content/OpaqueUnlitSpriteMaterial.uasset" 363
"../../../Engine/Plugins/2D/Paper2D/Content/PlaceholderTextures/DummySpriteTexture.uasset" 364
"../../../MovementSample/Content/SmartSplineGen/Blueprints/InternalLogic/SplineTarget_BP.uasset" 365
"../../../MovementSample/Content/SmartSplineGen/Blueprints/InternalLogic/MeshToSpawnAlong.uasset" 366
"../../../MovementSample/Content/SmartSplineGen/Blueprints/InternalLogic/SkelMeshToSpawnAlong.uasset" 367
"../../../MovementSample/Content/SmartSplineGen/Blueprints/BridgeCurves/BridgeCurve3.uasset" 368
"../../../MovementSample/Content/SmartSplineGen/Blueprints/InternalLogic/SubStemStarter.uasset" 369
"../../../MovementSample/Content/SmartSplineGen/Materials/GlowingVein_Mat.uasset" 370
"../../../MovementSample/Content/SmartSplineGen/Materials/GlowingVein_1_MatInst.uasset" 371
"../../../MovementSample/Content/SmartSplineGen/Meshes/StemCore/GlowStem_Middle_SM.uasset" 372
"../../../Engine/Content/Functions/Engine_MaterialFunctions02/Texturing/CustomRotator.uasset" 373
"../../../MovementSample/Content/SmartSplineGen/Textures/BasicEnviro/Bark_Color_Tex.uasset" 374
"../../../MovementSample/Content/SmartSplineGen/Textures/BasicEnviro/Bark_Normal_Tex.uasset" 375
"../../../MovementSample/Content/SmartSplineGen/Textures/BasicEnviro/Bark_Roughness_Tex.uasset" 376
"../../../MovementSample/Content/SmartSplineGen/Materials/BasicEnviro/Liana_Mat.uasset" 377
"../../../MovementSample/Content/SmartSplineGen/Meshes/StemCore/Liana_Middle_SM.uasset" 378
"../../../MovementSample/Content/SmartSplineGen/Meshes/StemCore/StemCore_MP1_SM.uasset" 379
"../../../MovementSample/Content/SmartSplineGen/Blueprints/InternalLogic/StemSpline_BP.uasset" 380
"../../../Engine/Content/Functions/Engine_MaterialFunctions01/WorldPositionOffset/SimpleGrassWind.uasset" 381
"../../../MovementSample/Content/SmartSplineGen/Textures/BasicEnviro/Ivy_Color_Tex.uasset" 382
"../../../MovementSample/Content/SmartSplineGen/Textures/BasicEnviro/Ivy_Normal_Tex.uasset" 383
"../../../MovementSample/Content/SmartSplineGen/Textures/BasicEnviro/Ivy_Roughness_Tex.uasset" 384
"../../../MovementSample/Content/SmartSplineGen/Materials/Foliage/LeafMaterial_Mat.uasset" 385
"../../../MovementSample/Content/SmartSplineGen/Materials/Foliage/Ivy_MatInst.uasset" 386
"../../../MovementSample/Content/SmartSplineGen/Meshes/Leaves/Ivy_SM.uasset" 387
"../../../MovementSample/Content/SmartSplineGen/Meshes/StemCore/Liana_End_SM.uasset" 388
"../../../MovementSample/Content/SmartSplineGen/Meshes/StemCore/Liana_Middle_LP_SM.uasset" 389
"../../../MovementSample/Content/SmartSplineGen/Meshes/StemCore/Liana_Start_SM.uasset" 390
"../../../MovementSample/Content/SmartSplineGen/Blueprints/PRESET_Ivy1_Var3_BP.uasset" 391
"../../../MovementSample/Content/SmartSplineGen/Blueprints/PRESET_Ivy1_BP.uasset" 392
"../../../MovementSample/Content/SmartSplineGen/Textures/BasicEnviro/IvySingleLeaf_Color_Tex.uasset" 393
"../../../MovementSample/Content/UltraDynamicSky/Materials/Moon_Intensity.uasset" 394
"../../../MovementSample/Content/UltraDynamicSky/Materials/Moon_Position.uasset" 395
"../../../MovementSample/Content/UltraDynamicSky/Materials/Night_Filter.uasset" 396
"../../../MovementSample/Content/UltraDynamicSky/Materials/Shine_Intensity.uasset" 397
"../../../MovementSample/Content/UltraDynamicSky/Materials/Stars_Intensity.uasset" 398
"../../../MovementSample/Content/UltraDynamicSky/Materials/Sun_Highlight_Radius.uasset" 399
"../../../MovementSample/Content/UltraDynamicSky/Materials/Cloud_Dark_Color.uasset" 400
"../../../MovementSample/Content/UltraDynamicSky/Materials/Cloud_Light_Color.uasset" 401
"../../../MovementSample/Content/UltraDynamicSky/Materials/Horizon_Base_Color.uasset" 402
"../../../MovementSample/Content/UltraDynamicSky/Materials/Sun_Cloudy_Color.uasset" 403
"../../../MovementSample/Content/UltraDynamicSky/Materials/Sun_Color.uasset" 404
"../../../MovementSample/Content/UltraDynamicSky/Materials/Zenith_Base_Color.uasset" 405
"../../../Engine/Content/Functions/Engine_MaterialFunctions01/Gradient/RadialGradientExponential.uasset" 406
"../../../Engine/Content/Functions/Engine_MaterialFunctions02/Math/TimeWithSpeedVariable.uasset" 407
"../../../MovementSample/Content/UltraDynamicSky/Materials/Filter_Clouds.uasset" 408
"../../../MovementSample/Content/UltraDynamicSky/Textures/clouds_classic.uasset" 409
"../../../MovementSample/Content/UltraDynamicSky/Materials/Cloud_Shadows.uasset" 410
"../../../Engine/Content/Functions/Engine_MaterialFunctions01/Texturing/ScaleUVsAroundPoint.uasset" 411
"../../../Engine/Content/Functions/Engine_MaterialFunctions01/Vectors/RotateVector.uasset" 412
"../../../Engine/Content/Functions/Engine_MaterialFunctions03/Blends/Blend_Difference.uasset" 413
"../../../Engine/Content/Functions/Engine_MaterialFunctions03/Texturing/SubUV_Function.uasset" 414
"../../../MovementSample/Content/UltraDynamicSky/Textures/aurora_gradient.uasset" 415
"../../../MovementSample/Content/UltraDynamicSky/Textures/blur_clouds.uasset" 416
"../../../MovementSample/Content/UltraDynamicSky/Textures/radio.uasset" 417
"../../../MovementSample/Content/UltraDynamicSky/Materials/Aurora.uasset" 418
"../../../MovementSample/Content/UltraDynamicSky/Materials/Cloud_Layer.uasset" 419
"../../../MovementSample/Content/UltraDynamicSky/Textures/wisps+stars+moonsprites.uasset" 420
"../../../MovementSample/Content/UltraDynamicSky/Materials/Moon.uasset" 421
"../../../MovementSample/Content/UltraDynamicSky/Materials/Scale_Radial_Gradient_Around_White.uasset" 422
"../../../MovementSample/Content/UltraDynamicSky/Materials/Ultra_Dynamic_Sky_Mat.uasset" 423
"../../../MovementSample/Content/UltraDynamicSky/Materials/Ultra_Dynamic_Sky_Mat_no_auroras.uasset" 424
"../../../MovementSample/Content/UltraDynamicSky/Meshes/Ultra_Dynamic_Sky_Sphere.uasset" 425
"../../../MovementSample/Content/UltraDynamicSky/Textures/clouds_voronoi.uasset" 426
"../../../MovementSample/Content/UltraDynamicSky/Textures/flat.uasset" 427
"../../../MovementSample/Content/UltraDynamicSky/Blueprints/Ultra_Dynamic_Sky_BP.uasset" 428
"../../../MovementSample/Content/Bow_Tut/Blueprints/Libraries/PhysicsMacros.uasset" 429
"../../../MovementSample/Content/Bow_Tut/Blueprints/Enums/LeftRight.uasset" 430
"../../../MovementSample/Content/Bow_Tut/Blueprints/Interfaces/PlayerInteractionInterface.uasset" 431
"../../../Engine/Content/Functions/Engine_MaterialFunctions02/Utility/BreakOutFloat3Components.uasset" 432
"../../../Engine/Content/VREditor/Devices/Vive/T_VivePreController_EM.uasset" 433
"../../../Engine/Content/VREditor/Devices/Vive/VivePreController_MasksA.uasset" 434
"../../../Engine/Content/VREditor/Devices/Vive/VivePreController_MasksB.uasset" 435
"../../../Engine/Content/VREditor/Devices/Vive/VivePreControllerDiffuse.uasset" 436
"../../../Engine/Content/VREditor/Devices/Vive/VivePreControllerSpec.uasset" 437
"../../../Engine/Content/VREditor/UI/VRButtonBackground.uasset" 438
"../../../Engine/Content/VREditor/Devices/Vive/VivePreControllerMaterial.uasset" 439
"../../../Engine/Content/VREditor/Devices/Vive/VivePreControllerMaterial_Inst.uasset" 440
"../../../Engine/Content/VREditor/Devices/Vive/VivePreControllerMesh.uasset" 441
"../../../MovementSample/Content/Bow_Tut/Blueprints/Character/Hands/BP_LeftHand.uasset" 442
"../../../Engine/Content/ArtTools/RenderToTexture/Materials/Debug/M_Emissive_Color.uasset" 443
"../../../Engine/Content/ArtTools/RenderToTexture/Materials/Debug/M_Emissive_Color_127-127-0.uasset" 444
"../../../Engine/Content/BasicShapes/Cone.uasset" 445
"../../../Engine/Content/Functions/Engine_MaterialFunctions02/SupportFiles/1x1x1_Box_Pivot_-XYZ.uasset" 446
"../../../MovementSample/Content/Bow_Tut/Blueprints/Weapons/Arrow.uasset" 447
"../../../MovementSample/Content/VirtualReality/Mannequin/Character/Mesh/MannequinHand_Right_Skeleton.uasset" 448
"../../../MovementSample/Content/VirtualReality/Mannequin/Animations/MannequinHand_Right_CanGrab.uasset" 449
"../../../MovementSample/Content/VirtualReality/Mannequin/Animations/MannequinHand_Right_Grab.uasset" 450
"../../../MovementSample/Content/VirtualReality/Mannequin/Animations/MannequinHand_Right_Open.uasset" 451
"../../../MovementSample/Content/VirtualReality/Mannequin/Animations/RightGrip_BS.uasset" 452
"../../../MovementSample/Content/VirtualRealityBP/Blueprints/GripEnum.uasset" 453
"../../../MovementSample/Content/VirtualReality/Mannequin/Animations/RightHand_AnimBP.uasset" 454
"../../../MovementSample/Content/VirtualRealityBP/Blueprints/PickupActorInterface.uasset" 455
"../../../Engine/Content/Functions/Engine_MaterialFunctions02/Utility/CameraDirectionVector.uasset" 456
"../../../Engine/Content/Functions/Engine_MaterialFunctions02/Utility/DepthFromWorldPosition.uasset" 457
"../../../MovementSample/Content/VirtualReality/Materials/MF_OccludedPixels.uasset" 458
"../../../MovementSample/Content/VirtualReality/Materials/TeleportMCP.uasset" 459
"../../../Engine/Content/EngineMaterials/Good64x64TilingNoiseHighFreq.uasset" 460
"../../../MovementSample/Content/VirtualReality/Materials/M_ArcEndpoint.uasset" 461
"../../../MovementSample/Content/VirtualReality/Materials/M_SplineArcMat.uasset" 462
"../../../MovementSample/Content/VirtualReality/Materials/M_TeleportPreviews.uasset" 463
"../../../MovementSample/Content/VirtualReality/Materials/MI_ChaperoneOutline.uasset" 464
"../../../MovementSample/Content/VirtualReality/Materials/MI_TeleportCylinderPreview.uasset" 465
"../../../Engine/Content/BasicShapes/Cylinder.uasset" 466
"../../../Engine/Content/BasicShapes/Sphere.uasset" 467
"../../../MovementSample/Content/VirtualReality/Mannequin/Character/Textures/UE4_Mannequin__normals.uasset" 468
"../../../MovementSample/Content/VirtualReality/Mannequin/Character/Textures/UE4_Mannequin_MAT_MASKA.uasset" 469
"../../../MovementSample/Content/VirtualReality/Mannequin/Character/Materials/M_HandMat.uasset" 470
"../../../MovementSample/Content/VirtualReality/Mannequin/Character/Mesh/MannequinHand_Right_PhysicsAsset.uasset" 471
"../../../MovementSample/Content/VirtualReality/Mannequin/Character/Mesh/MannequinHand_Right.uasset" 472
"../../../MovementSample/Content/VirtualReality/Meshes/1x1_cube.uasset" 473
"../../../MovementSample/Content/VirtualReality/Meshes/BeaconDirection.uasset" 474
"../../../MovementSample/Content/VirtualReality/Meshes/BeamMesh.uasset" 475
"../../../MovementSample/Content/VirtualReality/Meshes/SM_FatCylinder.uasset" 476
"../../../MovementSample/Content/VirtualRealityBP/Blueprints/BP_MotionController_left.uasset" 477
"../../../MovementSample/Content/Bow_Tut/Blueprints/ViveForces/Force_Left_FireArrow.uasset" 478
"../../../MovementSample/Content/Bow_Tut/Blueprints/ViveForces/Force_Right_0.uasset" 479
"../../../MovementSample/Content/Bow_Tut/Blueprints/ViveForces/Force_Right_0_1.uasset" 480
"../../../MovementSample/Content/Bow_Tut/Blueprints/ViveForces/Force_Right_0_10.uasset" 481
"../../../MovementSample/Content/Bow_Tut/Blueprints/ViveForces/Force_Right_0_2.uasset" 482
"../../../MovementSample/Content/Bow_Tut/Blueprints/ViveForces/Force_Right_0_3.uasset" 483
"../../../MovementSample/Content/Bow_Tut/Blueprints/ViveForces/Force_Right_0_4.uasset" 484
"../../../MovementSample/Content/Bow_Tut/Blueprints/ViveForces/Force_Right_0_5.uasset" 485
"../../../MovementSample/Content/Bow_Tut/Blueprints/ViveForces/Force_Right_0_6.uasset" 486
"../../../MovementSample/Content/Bow_Tut/Blueprints/ViveForces/Force_Right_0_7.uasset" 487
"../../../MovementSample/Content/Bow_Tut/Blueprints/ViveForces/Force_Right_0_8.uasset" 488
"../../../MovementSample/Content/Bow_Tut/Blueprints/ViveForces/Force_Right_0_9.uasset" 489
"../../../MovementSample/Content/Bow_Tut/Materials/MF_SelectionGlow.uasset" 490
"../../../MovementSample/Content/Bow_Tut/Materials/String.uasset" 491
"../../../Engine/Content/ArtTools/RenderToTexture/Meshes/S_1_Unit_Sphere.uasset" 492
"../../../MovementSample/Content/Bow_Tut/Meshes/Bow/i_stex12a_0.uasset" 493
"../../../MovementSample/Content/Bow_Tut/Meshes/Bow/material-0059EFBF.uasset" 494
"../../../MovementSample/Content/Bow_Tut/Meshes/Bow/material-0074DB74.uasset" 495
"../../../MovementSample/Content/Bow_Tut/Meshes/Bow/material-03296DB7.uasset" 496
"../../../MovementSample/Content/Bow_Tut/Meshes/Bow/bow_base.uasset" 497
"../../../MovementSample/Content/Bow_Tut/Meshes/Bow/BowString.uasset" 498
"../../../MovementSample/Content/Bow_Tut/Blueprints/Weapons/Bow.uasset" 499
"../../../MovementSample/Content/Bow_Tut/Blueprints/Weapons/seed.uasset" 500
"../../../MovementSample/Content/Bow_Tut/Meshes/Sling/i_stex06_0.uasset" 501
"../../../MovementSample/Content/Bow_Tut/Meshes/Sling/material-00B5A3A7.uasset" 502
"../../../MovementSample/Content/Bow_Tut/Meshes/Sling/material-016983F6.uasset" 503
"../../../MovementSample/Content/Bow_Tut/Meshes/Sling/sling_base.uasset" 504
"../../../MovementSample/Content/Bow_Tut/Meshes/Sling/sling_string.uasset" 505
"../../../MovementSample/Content/Bow_Tut/Blueprints/Weapons/sling.uasset" 506
"../../../MovementSample/Content/VirtualReality/Materials/M_BaseMaterial.uasset" 507
"../../../MovementSample/Content/VirtualReality/Materials/MI_SmallCubes.uasset" 508
"../../../MovementSample/Content/Geometry/Meshes/CubeMaterial.uasset" 509
"../../../MovementSample/Content/Geometry/Meshes/1M_Cube.uasset" 510
"../../../MovementSample/Content/VirtualRealityBP/Blueprints/BP_PickupCube.uasset" 511
"../../../MovementSample/Content/VirtualRealityBP/Blueprints/MotionControllerPawn.uasset" 512
"../../../MovementSample/Content/Zelda_Stuff/Items/boomerang/i_stex02a_0.uasset" 513
"../../../MovementSample/Content/Zelda_Stuff/Items/boomerang/material-01517E87.uasset" 514
"../../../MovementSample/Content/Zelda_Stuff/Items/boomerang/material-017AD52B.uasset" 515
"../../../MovementSample/Content/Zelda_Stuff/Items/boomerang/material-03DD72C2.uasset" 516
"../../../MovementSample/Content/Zelda_Stuff/Items/boomerang/boomerang.uasset" 517
"../../../MovementSample/Content/Zelda_Stuff/Items/boomerang/boomerang_blueprint/boomerang_Blueprint.uasset" 518
"../../../MovementSample/Content/Zelda_Stuff/Items/shield/Material_001.uasset" 519
"../../../MovementSample/Content/Zelda_Stuff/Items/shield/Hylian_Shield2.uasset" 520
"../../../MovementSample/Content/Zelda_Stuff/Items/shield/Material_002.uasset" 521
"../../../MovementSample/Content/Zelda_Stuff/Items/shield/Material_003.uasset" 522
"../../../MovementSample/Content/Zelda_Stuff/Items/shield/Material_004.uasset" 523
"../../../MovementSample/Content/Zelda_Stuff/Items/shield/Material_005.uasset" 524
"../../../MovementSample/Content/Zelda_Stuff/Items/shield/Hylian_Shield.uasset" 525
"../../../MovementSample/Content/Zelda_Stuff/Items/shield/Shield_blueprint/Hylian_Shield_Blueprint.uasset" 526
"../../../MovementSample/Content/Zelda_Stuff/Items/Stick/green.uasset" 527
"../../../MovementSample/Content/Zelda_Stuff/Items/Stick/wood.uasset" 528
"../../../MovementSample/Content/Zelda_Stuff/Items/Stick/Deku_Stick.uasset" 529
"../../../MovementSample/Content/Zelda_Stuff/Items/Stick/Deku_Stick_Bp.uasset" 530
"../../../MovementSample/Content/Zelda_Stuff/Items/Sword/Master_Sword/Material.uasset" 531
"../../../MovementSample/Content/Zelda_Stuff/Items/Sword/Master_Sword/Material_001.uasset" 532
"../../../MovementSample/Content/Zelda_Stuff/Items/Sword/Master_Sword/Material_002.uasset" 533
"../../../MovementSample/Content/Zelda_Stuff/Items/Sword/Master_Sword/Material_003.uasset" 534
"../../../MovementSample/Content/Zelda_Stuff/Items/Sword/Master_Sword/Master_Sword.uasset" 535
"../../../MovementSample/Content/Zelda_Stuff/Items/Sword/Master_Sword/Sword_Blueprint/Master_Sword_Blueprint.uasset" 536
"../../../MovementSample/Content/Zelda_Stuff/Objects/Small_Pot/Material_001.uasset" 537
"../../../MovementSample/Content/Zelda_Stuff/Objects/Small_Pot/Material_002.uasset" 538
"../../../MovementSample/Content/Zelda_Stuff/Objects/Small_Pot/small_pot.uasset" 539
"../../../MovementSample/Content/Zelda_Stuff/Objects/Small_Pot/small_pot_DM.uasset" 540
"../../../MovementSample/Content/Zelda_Stuff/Map_Files/Test_Stage_BuiltData.uasset" 541
"../../../Engine/Content/BasicShapes/BasicShapeMaterial.uasset" 542
"../../../Engine/Content/BasicShapes/Cube.uasset" 543
"../../../MovementSample/Content/Geometry/Meshes/TemplateFloor.uasset" 544
"../../../MovementSample/Content/SimpleDungeons/Materials/Mat_SimpleDungeons_LavaGlow.uasset" 545
"../../../MovementSample/Content/SimpleDungeons/Meshes/Props/SM_Prop_Candle_Flame_01.uasset" 546
"../../../MovementSample/Content/SimpleMedievalInteriors/Meshes/Props/SM_Prop_Candle_01.uasset" 547
"../../../MovementSample/Content/Zelda_Stuff/Map_Files/Test_Stage.umap" 548
"../../../MovementSample/Content/Bow_Tut/Blueprints/Character/Hands/BP_RightHand.uasset" 549
"../../../MovementSample/Content/Bow_Tut/Blueprints/Character/SharpShooter_Pawn.uasset" 550
"../../../MovementSample/Content/Zelda_Stuff/Map_Files/Hyrule_Field/Hyrule_Field_Map_BuiltData.uasset" 551
"../../../MovementSample/Content/Zelda_Stuff/Map_Files/Hyrule_Field/s00_ken_01_21B00.uasset" 552
"../../../MovementSample/Content/Zelda_Stuff/Map_Files/Hyrule_Field/material-00097C8A.uasset" 553
"../../../MovementSample/Content/Zelda_Stuff/Map_Files/Hyrule_Field/s00_ori_02_3CE00.uasset" 554
"../../../MovementSample/Content/Zelda_Stuff/Map_Files/Hyrule_Field/material-00277807.uasset" 555
"../../../MovementSample/Content/Zelda_Stuff/Map_Files/Hyrule_Field/s00_siro_01_56C00.uasset" 556
"../../../MovementSample/Content/Zelda_Stuff/Map_Files/Hyrule_Field/material-002F3737.uasset" 557
"../../../MovementSample/Content/Zelda_Stuff/Map_Files/Hyrule_Field/s00_yuka_02_83300.uasset" 558
"../../../MovementSample/Content/Zelda_Stuff/Map_Files/Hyrule_Field/material-003BD2CE.uasset" 559
"../../../MovementSample/Content/Zelda_Stuff/Map_Files/Hyrule_Field/s00_ki_02_22000.uasset" 560
"../../../MovementSample/Content/Zelda_Stuff/Map_Files/Hyrule_Field/material-005560DC.uasset" 561
"../../../MovementSample/Content/Zelda_Stuff/Map_Files/Hyrule_Field/s00_riv_01_3D300.uasset" 562
"../../../MovementSample/Content/Zelda_Stuff/Map_Files/Hyrule_Field/material-0064CD5C.uasset" 563
"../../../MovementSample/Content/Zelda_Stuff/Map_Files/Hyrule_Field/s00_riv_02_3FD80.uasset" 564
"../../../MovementSample/Content/Zelda_Stuff/Map_Files/Hyrule_Field/material-007CFA5F.uasset" 565
"../../../MovementSample/Content/Zelda_Stuff/Map_Files/Hyrule_Field/s00_suiro_01_74480.uasset" 566
"../../../MovementSample/Content/Zelda_Stuff/Map_Files/Hyrule_Field/material-01023B1C.uasset" 567
"../../../MovementSample/Content/Zelda_Stuff/Map_Files/Hyrule_Field/s00_sumi_01_74F00.uasset" 568
"../../../MovementSample/Content/Zelda_Stuff/Map_Files/Hyrule_Field/material-01141402.uasset" 569
"../../../MovementSample/Content/Zelda_Stuff/Map_Files/Hyrule_Field/material-01633843.uasset" 570
"../../../MovementSample/Content/Zelda_Stuff/Map_Files/Hyrule_Field/s00_jonai_01_BF00.uasset" 571
"../../../MovementSample/Content/Zelda_Stuff/Map_Files/Hyrule_Field/material-019E5BD2.uasset" 572
"../../../MovementSample/Content/Zelda_Stuff/Map_Files/Hyrule_Field/s00_siro_02_5C000.uasset" 573
"../../../MovementSample/Content/Zelda_Stuff/Map_Files/Hyrule_Field/material-01A8F0F3.uasset" 574
"../../../MovementSample/Content/Zelda_Stuff/Map_Files/Hyrule_Field/s00_syoku_01_75400.uasset" 575
"../../../MovementSample/Content/Zelda_Stuff/Map_Files/Hyrule_Field/material-01B4B41A.uasset" 576
"../../../MovementSample/Content/Zelda_Stuff/Map_Files/Hyrule_Field/s00_hgo_01_AA00.uasset" 577
"../../../MovementSample/Content/Zelda_Stuff/Map_Files/Hyrule_Field/material-01F526A5.uasset" 578
"../../../MovementSample/Content/Zelda_Stuff/Map_Files/Hyrule_Field/s00_siro_06_6E600.uasset" 579
"../../../MovementSample/Content/Zelda_Stuff/Map_Files/Hyrule_Field/material-021626A7.uasset" 580
"../../../MovementSample/Content/Zelda_Stuff/Map_Files/Hyrule_Field/s00_yuka_04_85D00.uasset" 581
"../../../MovementSample/Content/Zelda_Stuff/Map_Files/Hyrule_Field/material-021A6942.uasset" 582
"../../../MovementSample/Content/Zelda_Stuff/Map_Files/Hyrule_Field/s00_hana_01_0.uasset" 583
"../../../MovementSample/Content/Zelda_Stuff/Map_Files/Hyrule_Field/material-0225CABF.uasset" 584
"../../../MovementSample/Content/Zelda_Stuff/Map_Files/Hyrule_Field/s00_yama_01_76B00.uasset" 585
"../../../MovementSample/Content/Zelda_Stuff/Map_Files/Hyrule_Field/material-022CFC48.uasset" 586
"../../../MovementSample/Content/Zelda_Stuff/Map_Files/Hyrule_Field/s00_siro_04_6BC00.uasset" 587
"../../../MovementSample/Content/Zelda_Stuff/Map_Files/Hyrule_Field/material-02743D2F.uasset" 588
"../../../MovementSample/Content/Zelda_Stuff/Map_Files/Hyrule_Field/s00_kabe_01_11300.uasset" 589
"../../../MovementSample/Content/Zelda_Stuff/Map_Files/Hyrule_Field/material-02913A63.uasset" 590
"../../../MovementSample/Content/Zelda_Stuff/Map_Files/Hyrule_Field/s00_step_01_6F080.uasset" 591
"../../../MovementSample/Content/Zelda_Stuff/Map_Files/Hyrule_Field/material-02C75BE6.uasset" 592
"../../../MovementSample/Content/Zelda_Stuff/Map_Files/Hyrule_Field/s00_siro_03_61400.uasset" 593
"../../../MovementSample/Content/Zelda_Stuff/Map_Files/Hyrule_Field/material-02F07893.uasset" 594
"../../../MovementSample/Content/Zelda_Stuff/Map_Files/Hyrule_Field/s00_ki_03_2C800.uasset" 595
"../../../MovementSample/Content/Zelda_Stuff/Map_Files/Hyrule_Field/material-030067C2.uasset" 596
"../../../MovementSample/Content/Zelda_Stuff/Map_Files/Hyrule_Field/s00_mon_01_31C00.uasset" 597
"../../../MovementSample/Content/Zelda_Stuff/Map_Files/Hyrule_Field/material-0303A5D3.uasset" 598
"../../../MovementSample/Content/Zelda_Stuff/Map_Files/Hyrule_Field/s00_road_02_46580.uasset" 599
"../../../MovementSample/Content/Zelda_Stuff/Map_Files/Hyrule_Field/material-030CCD9D.uasset" 600
"../../../MovementSample/Content/Zelda_Stuff/Map_Files/Hyrule_Field/s00_saku_01_50D80.uasset" 601
"../../../MovementSample/Content/Zelda_Stuff/Map_Files/Hyrule_Field/material-030D0ED3.uasset" 602
"../../../MovementSample/Content/Zelda_Stuff/Map_Files/Hyrule_Field/s00_kabe_02_19300.uasset" 603
"../../../MovementSample/Content/Zelda_Stuff/Map_Files/Hyrule_Field/material-031B0D83.uasset" 604
"../../../MovementSample/Content/Zelda_Stuff/Map_Files/Hyrule_Field/s00_ori_01_3C400.uasset" 605
"../../../MovementSample/Content/Zelda_Stuff/Map_Files/Hyrule_Field/material-0320D472.uasset" 606
"../../../MovementSample/Content/Zelda_Stuff/Map_Files/Hyrule_Field/s00_saku_03_54200.uasset" 607
"../../../MovementSample/Content/Zelda_Stuff/Map_Files/Hyrule_Field/material-0321B0CD.uasset" 608
"../../../MovementSample/Content/Zelda_Stuff/Map_Files/Hyrule_Field/s00_hana_02_5500.uasset" 609
"../../../MovementSample/Content/Zelda_Stuff/Map_Files/Hyrule_Field/material-035420BD.uasset" 610
"../../../MovementSample/Content/Zelda_Stuff/Map_Files/Hyrule_Field/s00_window_01_76900.uasset" 611
"../../../MovementSample/Content/Zelda_Stuff/Map_Files/Hyrule_Field/material-035A54EB.uasset" 612
"../../../MovementSample/Content/Zelda_Stuff/Map_Files/Hyrule_Field/s00_ron_01_4B980.uasset" 613
"../../../MovementSample/Content/Zelda_Stuff/Map_Files/Hyrule_Field/material-03733A89.uasset" 614
"../../../MovementSample/Content/Zelda_Stuff/Map_Files/Hyrule_Field/s00_saku_02_51800.uasset" 615
"../../../MovementSample/Content/Zelda_Stuff/Map_Files/Hyrule_Field/material-0375856C.uasset" 616
"../../../MovementSample/Content/Zelda_Stuff/Map_Files/Hyrule_Field/s00_riv_03_40780.uasset" 617
"../../../MovementSample/Content/Zelda_Stuff/Map_Files/Hyrule_Field/material-038B3844.uasset" 618
"../../../MovementSample/Content/Zelda_Stuff/Map_Files/Hyrule_Field/s00_kabe_05_1C700.uasset" 619
"../../../MovementSample/Content/Zelda_Stuff/Map_Files/Hyrule_Field/material-038F46BA.uasset" 620
"../../../MovementSample/Content/Zelda_Stuff/Map_Files/Hyrule_Field/s00_yuka_01_78B00.uasset" 621
"../../../MovementSample/Content/Zelda_Stuff/Map_Files/Hyrule_Field/material-0394DE88.uasset" 622
"../../../MovementSample/Content/Zelda_Stuff/Map_Files/Hyrule_Field/s00_road_01_41180.uasset" 623
"../../../MovementSample/Content/Zelda_Stuff/Map_Files/Hyrule_Field/material-03E4FA66.uasset" 624
"../../../MovementSample/Content/Zelda_Stuff/Map_Files/Hyrule_Field/s00_kabe_03_1BD00.uasset" 625
"../../../MovementSample/Content/Zelda_Stuff/Map_Files/Hyrule_Field/material-03F379A2.uasset" 626
"../../../MovementSample/Content/Zelda_Stuff/Map_Files/Hyrule_Field/Hyrule_Field.uasset" 627
"../../../MovementSample/Content/Zelda_Stuff/Map_Files/Hyrule_Field/Hyrule_Field_Map.umap" 628
"../../../Engine/Content/Maps/Entry.umap" 629
